Using pre-set license
Built from '2022.3/staging' branch; Version is '2022.3.3f1 (7cdc2969a641) revision 8182825'; Using compiler version '192829333'; Build Type 'Release'
OS: 'Windows 11  (10.0.26100) 64bit Enterprise' Language: 'en' Physical Memory: 32604 MB
BatchMode: 1, IsHumanControllingUs: 0, StartBugReporterOnCrash: 0, Is64bit: 1, IsPro: 1

COMMAND LINE ARGUMENTS:
C:\Program Files\Unity\Hub\Editor\2022.3.3f1\Editor\Unity.exe
-adb2
-batchMode
-noUpm
-name
AssetImportWorker4
-projectPath
C:/Users/IvanGonzalezMartinez/Documents/GitHub/BloodySurfer/BloodySurf
-logFile
Logs/AssetImportWorker4.log
-srvPort
53937
Successfully changed project path to: C:/Users/IvanGonzalezMartinez/Documents/GitHub/BloodySurfer/BloodySurf
C:/Users/IvanGonzalezMartinez/Documents/GitHub/BloodySurfer/BloodySurf
[UnityMemory] Configuration Parameters - Can be set up in boot.config
    "memorysetup-bucket-allocator-granularity=16"
    "memorysetup-bucket-allocator-bucket-count=8"
    "memorysetup-bucket-allocator-block-size=33554432"
    "memorysetup-bucket-allocator-block-count=8"
    "memorysetup-main-allocator-block-size=16777216"
    "memorysetup-thread-allocator-block-size=16777216"
    "memorysetup-gfx-main-allocator-block-size=16777216"
    "memorysetup-gfx-thread-allocator-block-size=16777216"
    "memorysetup-cache-allocator-block-size=4194304"
    "memorysetup-typetree-allocator-block-size=2097152"
    "memorysetup-profiler-bucket-allocator-granularity=16"
    "memorysetup-profiler-bucket-allocator-bucket-count=8"
    "memorysetup-profiler-bucket-allocator-block-size=33554432"
    "memorysetup-profiler-bucket-allocator-block-count=8"
    "memorysetup-profiler-allocator-block-size=16777216"
    "memorysetup-profiler-editor-allocator-block-size=1048576"
    "memorysetup-temp-allocator-size-main=16777216"
    "memorysetup-job-temp-allocator-block-size=2097152"
    "memorysetup-job-temp-allocator-block-size-background=1048576"
    "memorysetup-job-temp-allocator-reduction-small-platforms=262144"
    "memorysetup-allocator-temp-initial-block-size-main=262144"
    "memorysetup-allocator-temp-initial-block-size-worker=262144"
    "memorysetup-temp-allocator-size-background-worker=32768"
    "memorysetup-temp-allocator-size-job-worker=262144"
    "memorysetup-temp-allocator-size-preload-manager=33554432"
    "memorysetup-temp-allocator-size-nav-mesh-worker=65536"
    "memorysetup-temp-allocator-size-audio-worker=65536"
    "memorysetup-temp-allocator-size-cloud-worker=32768"
    "memorysetup-temp-allocator-size-gi-baking-worker=262144"
    "memorysetup-temp-allocator-size-gfx=262144"
Player connection [14624] Host "[IP] 10.40.3.113 [Port] 0 [Flags] 2 [Guid] 1677481503 [EditorId] 1677481503 [Version] 1048832 [Id] WindowsEditor(7,PB-02-14B) [Debug] 1 [PackageName] WindowsEditor [ProjectName] Editor" joined multi-casting on [225.0.0.222:54997]...

Player connection [14624] Host "[IP] 10.40.3.113 [Port] 0 [Flags] 2 [Guid] 1677481503 [EditorId] 1677481503 [Version] 1048832 [Id] WindowsEditor(7,PB-02-14B) [Debug] 1 [PackageName] WindowsEditor [ProjectName] Editor" joined alternative multi-casting on [225.0.0.222:34997]...

Refreshing native plugins compatible for Editor in 125.58 ms, found 3 plugins.
Preloading 0 native plugins for Editor in 0.00 ms.
Initialize engine version: 2022.3.3f1 (7cdc2969a641)
[Subsystems] Discovering subsystems at path C:/Program Files/Unity/Hub/Editor/2022.3.3f1/Editor/Data/Resources/UnitySubsystems
[Subsystems] Discovering subsystems at path C:/Users/IvanGonzalezMartinez/Documents/GitHub/BloodySurfer/BloodySurf/Assets
GfxDevice: creating device client; threaded=0; jobified=0
Direct3D:
    Version:  Direct3D 11.0 [level 11.1]
    Renderer: NVIDIA GeForce RTX 2060 (ID=0x1f08)
    Vendor:   NVIDIA
    VRAM:     5968 MB
    Driver:   31.0.15.3742
Initialize mono
Mono path[0] = 'C:/Program Files/Unity/Hub/Editor/2022.3.3f1/Editor/Data/Managed'
Mono path[1] = 'C:/Program Files/Unity/Hub/Editor/2022.3.3f1/Editor/Data/MonoBleedingEdge/lib/mono/unityjit-win32'
Mono config path = 'C:/Program Files/Unity/Hub/Editor/2022.3.3f1/Editor/Data/MonoBleedingEdge/etc'
Using monoOptions --debugger-agent=transport=dt_socket,embedding=1,server=y,suspend=n,address=127.0.0.1:56144
Begin MonoManager ReloadAssembly
Registering precompiled unity dll's ...
Register platform support module: C:/Program Files/Unity/Hub/Editor/2022.3.3f1/Editor/Data/PlaybackEngines/AndroidPlayer/UnityEditor.Android.Extensions.dll
Register platform support module: C:/Program Files/Unity/Hub/Editor/2022.3.3f1/Editor/Data/PlaybackEngines/WindowsStandaloneSupport/UnityEditor.WindowsStandalone.Extensions.dll
Register platform support module: C:/Program Files/Unity/Hub/Editor/2022.3.3f1/Editor/Data/PlaybackEngines/MetroSupport/UnityEditor.UWP.Extensions.dll
Registered in 0.012288 seconds.
- Loaded All Assemblies, in  0.330 seconds
Native extension for UWP target not found
Native extension for WindowsStandalone target not found
Native extension for Android target not found
Android Extension - Scanning For ADB Devices 518 ms
Mono: successfully reloaded assembly
- Finished resetting the current domain, in  0.839 seconds
Domain Reload Profiling: 1168ms
	BeginReloadAssembly (101ms)
		ExecutionOrderSort (0ms)
		DisableScriptedObjects (0ms)
		BackupInstance (0ms)
		ReleaseScriptingObjects (0ms)
		CreateAndSetChildDomain (1ms)
	RebuildCommonClasses (35ms)
	RebuildNativeTypeToScriptingClass (9ms)
	initialDomainReloadingComplete (58ms)
	LoadAllAssembliesAndSetupDomain (125ms)
		LoadAssemblies (98ms)
		RebuildTransferFunctionScriptingTraits (0ms)
		AnalyzeDomain (118ms)
			TypeCache.Refresh (118ms)
				TypeCache.ScanAssembly (103ms)
			ScanForSourceGeneratedMonoScriptInfo (0ms)
			ResolveRequiredComponents (0ms)
	FinalizeReload (840ms)
		ReleaseScriptCaches (0ms)
		RebuildScriptCaches (0ms)
		SetupLoadedEditorAssemblies (791ms)
			LogAssemblyErrors (0ms)
			InitializePlatformSupportModulesInManaged (639ms)
			SetLoadedEditorAssemblies (4ms)
			RefreshPlugins (0ms)
			BeforeProcessingInitializeOnLoad (2ms)
			ProcessInitializeOnLoadAttributes (99ms)
			ProcessInitializeOnLoadMethodAttributes (47ms)
			AfterProcessingInitializeOnLoad (0ms)
			EditorAssembliesLoaded (0ms)
		ExecutionOrderSort2 (0ms)
		AwakeInstancesAfterBackupRestoration (0ms)
========================================================================
Worker process is ready to serve import requests
Begin MonoManager ReloadAssembly
Symbol file LoadedFromMemory doesn't match image C:\Users\IvanGonzalezMartinez\Documents\GitHub\BloodySurfer\BloodySurf\Library\PackageCache\com.unity.visualscripting@1.8.0\Editor\VisualScripting.Core\Dependencies\YamlDotNet\Unity.VisualScripting.YamlDotNet.dll
Symbol file LoadedFromMemory doesn't match image C:\Users\IvanGonzalezMartinez\Documents\GitHub\BloodySurfer\BloodySurf\Library\PackageCache\com.unity.visualscripting@1.8.0\Editor\VisualScripting.Core\Dependencies\DotNetZip\Unity.VisualScripting.IonicZip.dll
- Loaded All Assemblies, in  0.615 seconds
Refreshing native plugins compatible for Editor in 2.62 ms, found 3 plugins.
Native extension for UWP target not found
Native extension for WindowsStandalone target not found
Native extension for Android target not found
Mono: successfully reloaded assembly
- Finished resetting the current domain, in  0.347 seconds
Domain Reload Profiling: 960ms
	BeginReloadAssembly (126ms)
		ExecutionOrderSort (0ms)
		DisableScriptedObjects (4ms)
		BackupInstance (0ms)
		ReleaseScriptingObjects (0ms)
		CreateAndSetChildDomain (24ms)
	RebuildCommonClasses (23ms)
	RebuildNativeTypeToScriptingClass (7ms)
	initialDomainReloadingComplete (34ms)
	LoadAllAssembliesAndSetupDomain (423ms)
		LoadAssemblies (287ms)
		RebuildTransferFunctionScriptingTraits (0ms)
		AnalyzeDomain (200ms)
			TypeCache.Refresh (187ms)
				TypeCache.ScanAssembly (178ms)
			ScanForSourceGeneratedMonoScriptInfo (10ms)
			ResolveRequiredComponents (2ms)
	FinalizeReload (348ms)
		ReleaseScriptCaches (0ms)
		RebuildScriptCaches (0ms)
		SetupLoadedEditorAssemblies (240ms)
			LogAssemblyErrors (0ms)
			InitializePlatformSupportModulesInManaged (19ms)
			SetLoadedEditorAssemblies (3ms)
			RefreshPlugins (0ms)
			BeforeProcessingInitializeOnLoad (42ms)
			ProcessInitializeOnLoadAttributes (157ms)
			ProcessInitializeOnLoadMethodAttributes (13ms)
			AfterProcessingInitializeOnLoad (6ms)
			EditorAssembliesLoaded (0ms)
		ExecutionOrderSort2 (0ms)
		AwakeInstancesAfterBackupRestoration (4ms)
Launched and connected shader compiler UnityShaderCompiler.exe after 0.04 seconds
Refreshing native plugins compatible for Editor in 4.80 ms, found 3 plugins.
Preloading 0 native plugins for Editor in 0.00 ms.
Unloading 3122 Unused Serialized files (Serialized files now loaded: 0)
Unloading 30 unused Assets / (56.3 KB). Loaded Objects now: 3590.
Memory consumption went from 126.3 MB to 126.3 MB.
Total: 2.780300 ms (FindLiveObjects: 0.195500 ms CreateObjectMapping: 0.073200 ms MarkObjects: 2.418900 ms  DeleteObjects: 0.092000 ms)

AssetImportParameters requested are different than current active one (requested -> active):
  custom:scripting/monoscript/fileName/IncomingChangesTab.cs: 8f6297df34271fdb1ce2d9607ec6261d -> af2f8b65a736cbc2c6197311f8f8caf3
  custom:scripting/monoscript/fileName/IncomingChangesNotifier.cs: 8f6297df34271fdb1ce2d9607ec6261d -> 10fad815611441fb3a805150421ed991
  custom:container-demuxer-ogg: 62fdf1f143b41e24485cea50d1cbac27 -> 
  custom:scripting/monoscript/fileName/ProgressControlsForDialogs.cs: a53f96815da50de15010b1c479bc70cf -> 7e6bd1727985204e3b64e1946e589b1c
  custom:scripting/monoscript/fileName/SSOCredentialsDialog.cs: 90647cc400823b41df847a6cbfc29026 -> e140ede12a96f68f30062138385171c3
  custom:video-codec-MediaFoundation-h265: 746d11721c4dcdbdad8f713fa42b33f4 -> 
  custom:scripting/monoscript/fileName/RepositoriesListView.cs: 90647cc400823b41df847a6cbfc29026 -> 95287f65338ca0073ad04002a16eaaf7
  custom:video-decoder-ogg-theora: a1e56fd34408186e4bbccfd4996cb3dc -> 
  custom:framework-win-MediaFoundation: 216162199b28c13a410421893ffa2e32 -> 
  custom:scripting/monoscript/fileName/ProgressControlsForViews.cs: 0cdf409b5aa8d4c25876d72b5c6a3b60 -> a8a18a90f46aa63848e1e45d8d7ff9af
  custom:scripting/monoscript/fileName/MissingEncryptionPasswordPromptHandler.cs: 90647cc400823b41df847a6cbfc29026 -> 5d7b9646eb14a39b6d3d5bab19d266ff
  custom:scripting/monoscript/fileName/NotificationBar.cs: 0cdf409b5aa8d4c25876d72b5c6a3b60 -> 0daf459fa0c4269b16bcc20cd072c021
  custom:scripting/monoscript/fileName/UnityThreadWaiter.cs: 0cdf409b5aa8d4c25876d72b5c6a3b60 -> 99333406d92d10003984b4d1920de2f9
  custom:scripting/monoscript/fileName/HistoryTab.cs: 90647cc400823b41df847a6cbfc29026 -> d57f000c65fde42a2228c7a105a836e5
  custom:scripting/monoscript/fileName/CreateRepositoryDialog.cs: 90647cc400823b41df847a6cbfc29026 -> 5cec3e66b09e0dbe1f805953c5c64af9
  custom:scripting/monoscript/fileName/ViewSwitcher.cs: 90647cc400823b41df847a6cbfc29026 -> 1700c042de8c16a5c0f6851d66df802a
  custom:container-demuxer-webm: 4f35f7cbe854078d1ac9338744f61a02 -> 
  custom:scripting/monoscript/fileName/UpdateReportDialog.cs: d1628edb27b556e9e45af714e1b3ce2e -> 087837d8f73228f1a817d0de82c77260
  custom:scripting/monoscript/fileName/LaunchCheckinConflictsDialog.cs: 90647cc400823b41df847a6cbfc29026 -> e2c1e3f8f4e14a62e4363fe6259adbc2
  custom:scripting/monoscript/fileName/CreateWorkspaceView.cs: 5e2ab9cfe81e04de31d18dbafae66b8c -> cbf3c69f5881e5d607955d2a7373572a
  custom:scripting/monoscript/fileName/NCalcParser.cs: db61961eecf05360f8f4faca73024b2f -> 8e26acbdb2328e839bb63f98d07bd324
  custom:scripting/monoscript/fileName/CheckinDialog.cs: 0cdf409b5aa8d4c25876d72b5c6a3b60 -> 702fdb8d0a3b4bfcb9ba109e71325cad
  custom:container-muxer-webm: aa71ff27fc2769a1b78a27578f13a17b -> 
  custom:scripting/monoscript/fileName/EditorProgressControls.cs: 90647cc400823b41df847a6cbfc29026 -> 2e606eb01a6e6a567f3de9a0379ed3ae
  custom:video-decoder-webm-vp8: 9c59270c3fd7afecdb556c50c9e8de78 -> 
  custom:scripting/monoscript/fileName/ChangesetsTab.cs: 0cdf409b5aa8d4c25876d72b5c6a3b60 -> 46dde8f7856048792ad2e75490bb8c5e
  custom:AudioImporter_EditorPlatform: d09bf68614088b80899f8185d706f6e7 -> 
  custom:scripting/monoscript/fileName/EnemyManager.cs: b50740975fb3f50950e34a86a690c641 -> a5f2ce24d5a536281782526914f0e68f
  custom:scripting/monoscript/fileName/CoverageReportGenerator.cs: 3ea35e588ed069770179d8d4e363e731 -> 14395a927aaa58c17afbfc10d0d33478
  custom:scripting/monoscript/fileName/DiffPanel.cs: 90647cc400823b41df847a6cbfc29026 -> 210366dab3631628227b9406f87a9b7f
  custom:scripting/monoscript/fileName/ProgressOperationHandler.cs: 8da79525110cdcf421ce08e37577cfbc -> ec62666c0ca1649dd33cc6bc6834c6f7
  custom:scripting/monoscript/fileName/UnityPlasticTimer.cs: 0cdf409b5aa8d4c25876d72b5c6a3b60 -> 6c887e722e951c2964523825cad70c4c
  custom:scripting/monoscript/fileName/ConfirmContinueWithPendingChangesDialog.cs: 0fd6c484965f7cb9b268e798298a9886 -> 77462b1904ad8f6fee2f8da4523d59fe
  custom:scripting/monoscript/fileName/ChannelCertificateUiImpl.cs: 90647cc400823b41df847a6cbfc29026 -> cefccf1e13b7bcf15e3c9f2dd4cd2fc8
  custom:scripting/monoscript/fileName/Enemy.cs: 8448538d4f104f9acda18da16679c4ac -> 13cc614454c9ae28caa24456faa3d7cf
  custom:scripting/monoscript/fileName/RepositoryExplorerDialog.cs: 0cdf409b5aa8d4c25876d72b5c6a3b60 -> eea34924da79ad7254f3e141a891c78d
  custom:video-encoder-webm-vp8: eb34c28f22e8b96e1ab97ce403110664 -> 
  custom:scripting/monoscript/fileName/AutoLogin.cs: 90647cc400823b41df847a6cbfc29026 -> cac363a2d5471994de278e71f937b032
  custom:audio-decoder-ogg-vorbis: bf7c407c2cedff20999df2af8eb42d56 -> 
  custom:scripting/monoscript/fileName/LaunchDependenciesDialog.cs: 90647cc400823b41df847a6cbfc29026 -> 2cabf22eb95430074b6c730a84e03493
  custom:scripting/monoscript/fileName/CloudEditionWelcomeWindow.cs: c1777a498406cd95bc755aaf92ab946f -> b1721e471183956468462f6b64901640
  custom:scripting/monoscript/fileName/CredentialsUIImpl.cs: 90647cc400823b41df847a6cbfc29026 -> dbacf67c37819fd95562fe169e706732
  custom:scripting/monoscript/fileName/UnityPlasticGuiMessage.cs: 90647cc400823b41df847a6cbfc29026 -> 24eef0792e3802809607a7f9d04b8f1d
  custom:scripting/monoscript/fileName/BranchesTab.cs: 90647cc400823b41df847a6cbfc29026 -> 57c33f76c527a5aba4d269245ffff188
  custom:audio-encoder-webm-vorbis: bf7c407c2cedff20999df2af8eb42d56 -> 
  custom:scripting/monoscript/fileName/PlasticWindow.cs: 0cdf409b5aa8d4c25876d72b5c6a3b60 -> fc467478941f610919bc69526ba2c215
========================================================================
Received Import Request.
  Time since last request: 21046.866781 seconds.
  path: ProjectSettings/TagManager.asset
  artifactKey: Guid(00000000000000003000000000000000) Importer(815301076,1909f56bfc062723c751e8b465ee728b)
Start importing ProjectSettings/TagManager.asset using Guid(00000000000000003000000000000000) Importer(815301076,1909f56bfc062723c751e8b465ee728b)  -> (artifact id: '97ea02f564ba6a276ec032d720829234') in 0.011471 seconds
Number of updated asset objects reloaded before import = 0
Number of asset objects unloaded after import = 0
========================================================================
Received Prepare
Refreshing native plugins compatible for Editor in 5.07 ms, found 3 plugins.
Preloading 0 native plugins for Editor in 0.00 ms.
Unloading 0 Unused Serialized files (Serialized files now loaded: 0)
Unloading 1 unused Assets / (0.8 KB). Loaded Objects now: 3591.
Memory consumption went from 73.0 MB to 73.0 MB.
Total: 4.452300 ms (FindLiveObjects: 0.536800 ms CreateObjectMapping: 0.118800 ms MarkObjects: 3.766500 ms  DeleteObjects: 0.029100 ms)

Prepare: number of updated asset objects reloaded= 0
AssetImportParameters requested are different than current active one (requested -> active):
  custom:scripting/monoscript/fileName/IncomingChangesTab.cs: 8f6297df34271fdb1ce2d9607ec6261d -> af2f8b65a736cbc2c6197311f8f8caf3
  custom:scripting/monoscript/fileName/IncomingChangesNotifier.cs: 8f6297df34271fdb1ce2d9607ec6261d -> 10fad815611441fb3a805150421ed991
  custom:container-demuxer-ogg: 62fdf1f143b41e24485cea50d1cbac27 -> 
  custom:scripting/monoscript/fileName/ProgressControlsForDialogs.cs: a53f96815da50de15010b1c479bc70cf -> 7e6bd1727985204e3b64e1946e589b1c
  custom:scripting/monoscript/fileName/SSOCredentialsDialog.cs: 90647cc400823b41df847a6cbfc29026 -> e140ede12a96f68f30062138385171c3
  custom:video-codec-MediaFoundation-h265: 746d11721c4dcdbdad8f713fa42b33f4 -> 
  custom:scripting/monoscript/fileName/RepositoriesListView.cs: 90647cc400823b41df847a6cbfc29026 -> 95287f65338ca0073ad04002a16eaaf7
  custom:video-decoder-ogg-theora: a1e56fd34408186e4bbccfd4996cb3dc -> 
  custom:framework-win-MediaFoundation: 216162199b28c13a410421893ffa2e32 -> 
  custom:scripting/monoscript/fileName/ProgressControlsForViews.cs: 0cdf409b5aa8d4c25876d72b5c6a3b60 -> a8a18a90f46aa63848e1e45d8d7ff9af
  custom:scripting/monoscript/fileName/MissingEncryptionPasswordPromptHandler.cs: 90647cc400823b41df847a6cbfc29026 -> 5d7b9646eb14a39b6d3d5bab19d266ff
  custom:scripting/monoscript/fileName/NotificationBar.cs: 0cdf409b5aa8d4c25876d72b5c6a3b60 -> 0daf459fa0c4269b16bcc20cd072c021
  custom:scripting/monoscript/fileName/UnityThreadWaiter.cs: 0cdf409b5aa8d4c25876d72b5c6a3b60 -> 99333406d92d10003984b4d1920de2f9
  custom:scripting/monoscript/fileName/HistoryTab.cs: 90647cc400823b41df847a6cbfc29026 -> d57f000c65fde42a2228c7a105a836e5
  custom:scripting/monoscript/fileName/CreateRepositoryDialog.cs: 90647cc400823b41df847a6cbfc29026 -> 5cec3e66b09e0dbe1f805953c5c64af9
  custom:scripting/monoscript/fileName/ViewSwitcher.cs: 90647cc400823b41df847a6cbfc29026 -> 1700c042de8c16a5c0f6851d66df802a
  custom:container-demuxer-webm: 4f35f7cbe854078d1ac9338744f61a02 -> 
  custom:scripting/monoscript/fileName/UpdateReportDialog.cs: d1628edb27b556e9e45af714e1b3ce2e -> 087837d8f73228f1a817d0de82c77260
  custom:scripting/monoscript/fileName/LaunchCheckinConflictsDialog.cs: 90647cc400823b41df847a6cbfc29026 -> e2c1e3f8f4e14a62e4363fe6259adbc2
  custom:scripting/monoscript/fileName/CreateWorkspaceView.cs: 5e2ab9cfe81e04de31d18dbafae66b8c -> cbf3c69f5881e5d607955d2a7373572a
  custom:scripting/monoscript/fileName/NCalcParser.cs: db61961eecf05360f8f4faca73024b2f -> 8e26acbdb2328e839bb63f98d07bd324
  custom:scripting/monoscript/fileName/CheckinDialog.cs: 0cdf409b5aa8d4c25876d72b5c6a3b60 -> 702fdb8d0a3b4bfcb9ba109e71325cad
  custom:container-muxer-webm: aa71ff27fc2769a1b78a27578f13a17b -> 
  custom:scripting/monoscript/fileName/EditorProgressControls.cs: 90647cc400823b41df847a6cbfc29026 -> 2e606eb01a6e6a567f3de9a0379ed3ae
  custom:video-decoder-webm-vp8: 9c59270c3fd7afecdb556c50c9e8de78 -> 
  custom:scripting/monoscript/fileName/ChangesetsTab.cs: 0cdf409b5aa8d4c25876d72b5c6a3b60 -> 46dde8f7856048792ad2e75490bb8c5e
  custom:SearchIndexIgnoredProperties: e643bd26f0fe6173181afceb89e7c659 -> 
  custom:AudioImporter_EditorPlatform: d09bf68614088b80899f8185d706f6e7 -> 
  custom:scripting/monoscript/fileName/EnemyManager.cs: b50740975fb3f50950e34a86a690c641 -> a5f2ce24d5a536281782526914f0e68f
  custom:scripting/monoscript/fileName/CoverageReportGenerator.cs: 3ea35e588ed069770179d8d4e363e731 -> 14395a927aaa58c17afbfc10d0d33478
  custom:scripting/monoscript/fileName/DiffPanel.cs: 90647cc400823b41df847a6cbfc29026 -> 210366dab3631628227b9406f87a9b7f
  custom:scripting/monoscript/fileName/ProgressOperationHandler.cs: 8da79525110cdcf421ce08e37577cfbc -> ec62666c0ca1649dd33cc6bc6834c6f7
  custom:scripting/monoscript/fileName/UnityPlasticTimer.cs: 0cdf409b5aa8d4c25876d72b5c6a3b60 -> 6c887e722e951c2964523825cad70c4c
  custom:scripting/monoscript/fileName/ConfirmContinueWithPendingChangesDialog.cs: 0fd6c484965f7cb9b268e798298a9886 -> 77462b1904ad8f6fee2f8da4523d59fe
  custom:scripting/monoscript/fileName/ChannelCertificateUiImpl.cs: 90647cc400823b41df847a6cbfc29026 -> cefccf1e13b7bcf15e3c9f2dd4cd2fc8
  custom:scripting/monoscript/fileName/Enemy.cs: 8448538d4f104f9acda18da16679c4ac -> 13cc614454c9ae28caa24456faa3d7cf
  custom:scripting/monoscript/fileName/RepositoryExplorerDialog.cs: 0cdf409b5aa8d4c25876d72b5c6a3b60 -> eea34924da79ad7254f3e141a891c78d
  custom:video-encoder-webm-vp8: eb34c28f22e8b96e1ab97ce403110664 -> 
  custom:scripting/monoscript/fileName/AutoLogin.cs: 90647cc400823b41df847a6cbfc29026 -> cac363a2d5471994de278e71f937b032
  custom:audio-decoder-ogg-vorbis: bf7c407c2cedff20999df2af8eb42d56 -> 
  custom:scripting/monoscript/fileName/LaunchDependenciesDialog.cs: 90647cc400823b41df847a6cbfc29026 -> 2cabf22eb95430074b6c730a84e03493
  custom:scripting/monoscript/fileName/CloudEditionWelcomeWindow.cs: c1777a498406cd95bc755aaf92ab946f -> b1721e471183956468462f6b64901640
  custom:scripting/monoscript/fileName/CredentialsUIImpl.cs: 90647cc400823b41df847a6cbfc29026 -> dbacf67c37819fd95562fe169e706732
  custom:scripting/monoscript/fileName/UnityPlasticGuiMessage.cs: 90647cc400823b41df847a6cbfc29026 -> 24eef0792e3802809607a7f9d04b8f1d
  custom:scripting/monoscript/fileName/BranchesTab.cs: 90647cc400823b41df847a6cbfc29026 -> 57c33f76c527a5aba4d269245ffff188
  custom:audio-encoder-webm-vorbis: bf7c407c2cedff20999df2af8eb42d56 -> 
  custom:scripting/monoscript/fileName/PlasticWindow.cs: 0cdf409b5aa8d4c25876d72b5c6a3b60 -> fc467478941f610919bc69526ba2c215
========================================================================
Received Import Request.
  Time since last request: 115.178010 seconds.
  path: Assets/Scenes/Ivan.unity
  artifactKey: Guid(989723f9d17019d40bd790ff249fa228) Importer(2089858483,0ecaa5967403d082aa24f35e1b516d23)
Start importing Assets/Scenes/Ivan.unity using Guid(989723f9d17019d40bd790ff249fa228) Importer(2089858483,0ecaa5967403d082aa24f35e1b516d23) Generated GUIDs only implemented for interfaces!
 -> (artifact id: '91f14df75f2fc88b59dcd648d75c8124') in 0.049637 seconds
Number of updated asset objects reloaded before import = 0
Number of asset objects unloaded after import = 1
